[    43.927] _XSERVTransSocketUNIXCreateListener: ...SocketCreateListener() failed
[    43.928] _XSERVTransMakeAllCOTSServerListeners: server already running
[    43.928] (--) Log file renamed from "/home/kali/.local/share/xorg/Xorg.pid-1197.log" to "/home/kali/.local/share/xorg/Xorg.1.log"
[    43.928] 
X.Org X Server 1.20.14
X Protocol Version 11, Revision 0
[    43.929] Build Operating System: linux Debian
[    43.929] Current Operating System: Linux kali 5.15.0-kali3-amd64 #1 SMP Debian 5.15.15-2kali1 (2022-01-31) x86_64
[    43.929] Kernel command line: BOOT_IMAGE=/boot/vmlinuz-5.15.0-kali3-amd64 root=UUID=d573f960-a963-4400-a260-b186bab51337 ro quiet splash
[    43.929] Build Date: 11 January 2022  02:21:08PM
[    43.929] xorg-server 2:1.20.14-1 (https://www.debian.org/support) 
[    43.929] Current version of pixman: 0.40.0
[    43.929] 	Before reporting problems, check http://wiki.x.org
	to make sure that you have the latest version.
[    43.929] Markers: (--) probed, (**) from config file, (==) default setting,
	(++) from command line, (!!) notice, (II) informational,
	(WW) warning, (EE) error, (NI) not implemented, (??) unknown.
[    43.929] (==) Log file: "/home/kali/.local/share/xorg/Xorg.1.log", Time: Tue Jul  9 03:55:00 2024
[    43.929] (==) Using system config directory "/usr/share/X11/xorg.conf.d"
[    43.930] (==) No Layout section.  Using the first Screen section.
[    43.930] (==) No screen section available. Using defaults.
[    43.930] (**) |-->Screen "Default Screen Section" (0)
[    43.930] (**) |   |-->Monitor "<default monitor>"
[    43.930] (==) No monitor specified for screen "Default Screen Section".
	Using a default monitor configuration.
[    43.930] (==) Automatically adding devices
[    43.930] (==) Automatically enabling devices
[    43.930] (==) Automatically adding GPU devices
[    43.930] (==) Max clients allowed: 256, resource mask: 0x1fffff
[    43.930] (WW) The directory "/usr/share/fonts/X11/cyrillic" does not exist.
[    43.930] 	Entry deleted from font path.
[    43.930] (WW) The directory "/usr/share/fonts/X11/100dpi/" does not exist.
[    43.930] 	Entry deleted from font path.
[    43.930] (WW) The directory "/usr/share/fonts/X11/75dpi/" does not exist.
[    43.930] 	Entry deleted from font path.
[    43.931] (WW) The directory "/usr/share/fonts/X11/Type1" does not exist.
[    43.931] 	Entry deleted from font path.
[    43.931] (WW) The directory "/usr/share/fonts/X11/100dpi" does not exist.
[    43.931] 	Entry deleted from font path.
[    43.931] (WW) The directory "/usr/share/fonts/X11/75dpi" does not exist.
[    43.931] 	Entry deleted from font path.
[    43.931] (==) FontPath set to:
	/usr/share/fonts/X11/misc,
	built-ins
[    43.931] (==) ModulePath set to "/usr/lib/xorg/modules"
[    43.931] (II) The server relies on udev to provide the list of input devices.
	If no devices become available, reconfigure udev or disable AutoAddDevices.
[    43.931] (II) Loader magic: 0x55d01b39be40
[    43.931] (II) Module ABI versions:
[    43.931] 	X.Org ANSI C Emulation: 0.4
[    43.931] 	X.Org Video Driver: 24.1
[    43.931] 	X.Org XInput driver : 24.1
[    43.931] 	X.Org Server Extension : 10.0
[    43.932] (++) using VT number 2

[    43.936] (II) systemd-logind: took control of session /org/freedesktop/login1/session/_32
[    43.938] (II) xfree86: Adding drm device (/dev/dri/card0)
[    43.938] (II) systemd-logind: got fd for /dev/dri/card0 226:0 fd 15 paused 0
[    43.950] (--) PCI:*(0@0:15:0) 15ad:0405:15ad:0405 rev 0, Mem @ 0xe8000000/134217728, 0xfe000000/8388608, I/O @ 0x00001070/16, BIOS @ 0x????????/131072
[    43.950] (II) LoadModule: "glx"
[    43.951] (II) Loading /usr/lib/xorg/modules/extensions/libglx.so
[    43.952] (II) Module glx: vendor="X.Org Foundation"
[    43.952] 	compiled for 1.20.14, module version = 1.0.0
[    43.953] 	ABI class: X.Org Server Extension, version 10.0
[    43.953] (==) Matched vmware as autoconfigured driver 0
[    43.953] (==) Matched modesetting as autoconfigured driver 1
[    43.954] (==) Matched fbdev as autoconfigured driver 2
[    43.954] (==) Matched vesa as autoconfigured driver 3
[    43.954] (==) Assigned the driver to the xf86ConfigLayout
[    43.954] (II) LoadModule: "vmware"
[    43.954] (II) Loading /usr/lib/xorg/modules/drivers/vmware_drv.so
[    43.981] (II) Module vmware: vendor="X.Org Foundation"
[    43.981] 	compiled for 1.20.8, module version = 13.3.0
[    43.981] 	Module class: X.Org Video Driver
[    43.981] 	ABI class: X.Org Video Driver, version 24.1
[    43.982] (II) LoadModule: "modesetting"
[    43.982] (II) Loading /usr/lib/xorg/modules/drivers/modesetting_drv.so
[    43.982] (II) Module modesetting: vendor="X.Org Foundation"
[    43.982] 	compiled for 1.20.14, module version = 1.20.14
[    43.982] 	Module class: X.Org Video Driver
[    43.982] 	ABI class: X.Org Video Driver, version 24.1
[    43.982] (II) LoadModule: "fbdev"
[    43.982] (II) Loading /usr/lib/xorg/modules/drivers/fbdev_drv.so
[    43.982] (II) Module fbdev: vendor="X.Org Foundation"
[    43.982] 	compiled for 1.20.0, module version = 0.5.0
[    43.983] 	Module class: X.Org Video Driver
[    43.983] 	ABI class: X.Org Video Driver, version 24.0
[    43.983] (II) LoadModule: "vesa"
[    43.983] (II) Loading /usr/lib/xorg/modules/drivers/vesa_drv.so
[    43.983] (II) Module vesa: vendor="X.Org Foundation"
[    43.983] 	compiled for 1.20.9, module version = 2.5.0
[    43.983] 	Module class: X.Org Video Driver
[    43.983] 	ABI class: X.Org Video Driver, version 24.1
[    43.983] (II) vmware: driver for VMware SVGA: vmware0405, vmware0710
[    43.983] (II) modesetting: Driver for Modesetting Kernel Drivers: kms
[    43.983] (II) FBDEV: driver for framebuffer: fbdev
[    43.984] (II) VESA: driver for VESA chipsets: vesa
[    43.984] xf86EnableIOPorts: failed to set IOPL for I/O (Operation not permitted)
[    43.984] (WW) Falling back to old probe method for modesetting
[    43.984] (WW) Falling back to old probe method for fbdev
[    43.984] (II) Loading sub module "fbdevhw"
[    43.984] (II) LoadModule: "fbdevhw"
[    43.984] (II) Loading /usr/lib/xorg/modules/libfbdevhw.so
[    43.985] (II) Module fbdevhw: vendor="X.Org Foundation"
[    43.985] 	compiled for 1.20.14, module version = 0.0.2
[    43.985] 	ABI class: X.Org Video Driver, version 24.1
[    43.985] (WW) VGA arbiter: cannot open kernel arbiter, no multi-card support
[    43.985] (II) vmware(0): Creating default Display subsection in Screen section
	"Default Screen Section" for depth/fbbpp 24/32
[    43.985] (--) vmware(0): DRM driver version is 2.19.0
[    43.985] (==) vmware(0): Depth 24, (--) framebuffer bpp 32
[    43.985] (==) vmware(0): RGB weight 888
[    43.985] (==) vmware(0): Default visual is TrueColor
[    43.986] (--) vmware(0): Min width 1, Max Width 8192.
[    43.986] (--) vmware(0): Min height 1, Max Height 8192.
[    43.986] (II) vmware(0): Output Virtual1 has no monitor section
[    43.986] (II) vmware(0): Output Virtual2 has no monitor section
[    43.986] (II) vmware(0): Output Virtual3 has no monitor section
[    43.986] (II) vmware(0): Output Virtual4 has no monitor section
[    43.986] (II) vmware(0): Output Virtual5 has no monitor section
[    43.986] (II) vmware(0): Output Virtual6 has no monitor section
[    43.986] (II) vmware(0): Output Virtual7 has no monitor section
[    43.986] (II) vmware(0): Output Virtual8 has no monitor section
[    43.987] (II) vmware(0): Printing probed modes for output Virtual1
[    43.987] (II) vmware(0): Modeline "800x600"x60.0   42.75  800 850 900 950  600 650 700 750 -hsync +vsync (45.0 kHz eP)
[    43.987] (II) vmware(0): Modeline "3840x2400"x60.0  592.25  3840 3888 3920 4000  2400 2403 2409 2469 +hsync -vsync (148.1 kHz e)
[    43.987] (II) vmware(0): Modeline "3840x2160"x60.0  533.00  3840 3888 3920 4000  2160 2163 2168 2222 +hsync -vsync (133.2 kHz e)
[    43.987] (II) vmware(0): Modeline "2880x1800"x59.9  337.50  2880 2928 2960 3040  1800 1803 1809 1852 +hsync -vsync (111.0 kHz e)
[    43.987] (II) vmware(0): Modeline "2560x1600"x60.0  348.50  2560 2752 3032 3504  1600 1603 1609 1658 -hsync +vsync (99.5 kHz e)
[    43.987] (II) vmware(0): Modeline "2560x1440"x60.0  241.50  2560 2608 2640 2720  1440 1443 1448 1481 +hsync -vsync (88.8 kHz e)
[    43.987] (II) vmware(0): Modeline "1920x1440"x60.0  234.00  1920 2048 2256 2600  1440 1441 1444 1500 -hsync +vsync (90.0 kHz e)
[    43.987] (II) vmware(0): Modeline "1856x1392"x60.0  218.25  1856 1952 2176 2528  1392 1393 1396 1439 -hsync +vsync (86.3 kHz e)
[    43.987] (II) vmware(0): Modeline "1792x1344"x60.0  204.75  1792 1920 2120 2448  1344 1345 1348 1394 -hsync +vsync (83.6 kHz e)
[    43.987] (II) vmware(0): Modeline "1920x1200"x59.9  193.25  1920 2056 2256 2592  1200 1203 1209 1245 -hsync +vsync (74.6 kHz e)
[    43.987] (II) vmware(0): Modeline "1920x1080"x60.0  173.00  1920 2048 2248 2576  1080 1083 1088 1120 -hsync +vsync (67.2 kHz e)
[    43.987] (II) vmware(0): Modeline "1600x1200"x60.0  162.00  1600 1664 1856 2160  1200 1201 1204 1250 +hsync +vsync (75.0 kHz e)
[    43.987] (II) vmware(0): Modeline "1680x1050"x60.0  146.25  1680 1784 1960 2240  1050 1053 1059 1089 -hsync +vsync (65.3 kHz e)
[    43.987] (II) vmware(0): Modeline "1400x1050"x60.0  121.75  1400 1488 1632 1864  1050 1053 1057 1089 -hsync +vsync (65.3 kHz e)
[    43.987] (II) vmware(0): Modeline "1280x1024"x60.0  108.00  1280 1328 1440 1688  1024 1025 1028 1066 +hsync +vsync (64.0 kHz e)
[    43.987] (II) vmware(0): Modeline "1440x900"x59.9  106.50  1440 1520 1672 1904  900 903 909 934 -hsync +vsync (55.9 kHz e)
[    43.987] (II) vmware(0): Modeline "1280x960"x60.0  108.00  1280 1376 1488 1800  960 961 964 1000 +hsync +vsync (60.0 kHz e)
[    43.988] (II) vmware(0): Modeline "1360x768"x60.0   85.50  1360 1424 1536 1792  768 771 777 795 +hsync +vsync (47.7 kHz e)
[    43.988] (II) vmware(0): Modeline "1280x800"x59.8   83.50  1280 1352 1480 1680  800 803 809 831 +hsync -vsync (49.7 kHz e)
[    43.988] (II) vmware(0): Modeline "1152x864"x75.0  108.00  1152 1216 1344 1600  864 865 868 900 +hsync +vsync (67.5 kHz e)
[    43.988] (II) vmware(0): Modeline "1280x768"x59.9   79.50  1280 1344 1472 1664  768 771 778 798 -hsync +vsync (47.8 kHz e)
[    43.988] (II) vmware(0): Modeline "1280x720"x59.9   74.50  1280 1344 1472 1664  720 723 728 748 -hsync +vsync (44.8 kHz e)
[    43.988] (II) vmware(0): Modeline "1024x768"x60.0   65.00  1024 1048 1184 1344  768 771 777 806 -hsync -vsync (48.4 kHz e)
[    43.988] (II) vmware(0): Modeline "800x600"x60.3   40.00  800 840 968 1056  600 601 605 628 +hsync +vsync (37.9 kHz e)
[    43.988] (II) vmware(0): Modeline "640x480"x59.9   25.18  640 656 752 800  480 489 492 525 -hsync -vsync (31.5 kHz e)
[    43.988] (II) vmware(0): EDID for output Virtual2
[    43.988] (II) vmware(0): EDID for output Virtual3
[    43.988] (II) vmware(0): EDID for output Virtual4
[    43.988] (II) vmware(0): EDID for output Virtual5
[    43.988] (II) vmware(0): EDID for output Virtual6
[    43.988] (II) vmware(0): EDID for output Virtual7
[    43.988] (II) vmware(0): EDID for output Virtual8
[    43.988] (II) vmware(0): Output Virtual1 connected
[    43.989] (II) vmware(0): Output Virtual2 disconnected
[    43.989] (II) vmware(0): Output Virtual3 disconnected
[    43.989] (II) vmware(0): Output Virtual4 disconnected
[    43.989] (II) vmware(0): Output Virtual5 disconnected
[    43.989] (II) vmware(0): Output Virtual6 disconnected
[    43.989] (II) vmware(0): Output Virtual7 disconnected
[    43.989] (II) vmware(0): Output Virtual8 disconnected
[    43.989] (II) vmware(0): Using exact sizes for initial modes
[    43.989] (II) vmware(0): Output Virtual1 using initial mode 800x600 +0+0
[    43.989] (==) vmware(0): DPI set to (96, 96)
[    43.989] (==) vmware(0): Using gamma correction (1.0, 1.0, 1.0)
[    43.989] (II) Loading sub module "fb"
[    43.989] (II) LoadModule: "fb"
[    43.989] (II) Loading /usr/lib/xorg/modules/libfb.so
[    43.989] (II) Module fb: vendor="X.Org Foundation"
[    43.989] 	compiled for 1.20.14, module version = 1.0.0
[    43.990] 	ABI class: X.Org ANSI C Emulation, version 0.4
[    43.990] (II) Loading sub module "dri2"
[    43.990] (II) LoadModule: "dri2"
[    43.990] (II) Module "dri2" already built-in
[    43.990] (II) Loading sub module "dri3"
[    43.990] (II) LoadModule: "dri3"
[    43.990] (II) Module "dri3" already built-in
[    43.990] (II) UnloadModule: "modesetting"
[    43.990] (II) Unloading modesetting
[    43.990] (II) UnloadModule: "fbdev"
[    43.990] (II) Unloading fbdev
[    43.990] (II) UnloadSubModule: "fbdevhw"
[    43.990] (II) Unloading fbdevhw
[    43.991] (II) UnloadModule: "vesa"
[    43.991] (II) Unloading vesa
[    43.991] (II) vmware(0): Initialized VMWARE_CTRL extension version 0.2
[    43.992] (WW) vmware(0): Failed to initialize Gallium3D Xa. No render acceleration available.
[    43.992] (WW) vmware(0): Skipped initialization of direct rendering due to lack of render acceleration.
[    43.992] (--) vmware(0): Render acceleration is disabled.
[    43.992] (==) vmware(0): Rendercheck mode is disabled.
[    43.992] (--) vmware(0): Direct rendering (DRI2 3D) is disabled.
[    43.992] (--) vmware(0): Direct rendering (DRI3 3D) is disabled.
[    43.992] (==) vmware(0): Backing store enabled
[    43.992] (==) vmware(0): Silken mouse enabled
[    43.993] (==) vmware(0): DPMS enabled
[    43.993] (II) vmware(0): No 3D acceleration. Not setting up textured video.
[    43.993] (II) Initializing extension Generic Event Extension
[    43.993] (II) Initializing extension SHAPE
[    43.993] (II) Initializing extension MIT-SHM
[    43.993] (II) Initializing extension XInputExtension
[    43.993] (II) Initializing extension XTEST
[    43.994] (II) Initializing extension BIG-REQUESTS
[    43.994] (II) Initializing extension SYNC
[    43.994] (II) Initializing extension XKEYBOARD
[    43.994] (II) Initializing extension XC-MISC
[    43.994] (II) Initializing extension SECURITY
[    43.994] (II) Initializing extension XFIXES
[    43.994] (II) Initializing extension RENDER
[    43.994] (II) Initializing extension RANDR
[    43.995] (II) Initializing extension COMPOSITE
[    43.995] (II) Initializing extension DAMAGE
[    43.995] (II) Initializing extension MIT-SCREEN-SAVER
[    43.995] (II) Initializing extension DOUBLE-BUFFER
[    43.995] (II) Initializing extension RECORD
[    43.995] (II) Initializing extension DPMS
[    43.995] (II) Initializing extension Present
[    43.995] (II) Initializing extension DRI3
[    43.995] (II) Initializing extension X-Resource
[    43.995] (II) Initializing extension XVideo
[    43.996] (II) Initializing extension XVideo-MotionCompensation
[    43.996] (II) Initializing extension SELinux
[    43.996] (II) SELinux: Disabled on system
[    43.996] (II) Initializing extension GLX
[    43.996] (II) AIGLX: Screen 0 is not DRI2 capable
[    44.005] (II) IGLX: Loaded and initialized swrast
[    44.005] (II) GLX: Initialized DRISWRAST GL provider for screen 0
[    44.005] (II) Initializing extension XFree86-VidModeExtension
[    44.005] (II) Initializing extension XFree86-DGA
[    44.005] (II) Initializing extension XFree86-DRI
[    44.005] (II) Initializing extension DRI2
[    44.009] (II) vmware(0): Setting screen physical size to 211 x 158
[    44.038] (II) config/udev: Adding input device Power Button (/dev/input/event1)
[    44.038] (**) Power Button: Applying InputClass "libinput keyboard catchall"
[    44.038] (II) LoadModule: "libinput"
[    44.038] (II) Loading /usr/lib/xorg/modules/input/libinput_drv.so
[    44.040] (II) Module libinput: vendor="X.Org Foundation"
[    44.040] 	compiled for 1.20.11, module version = 1.2.0
[    44.040] 	Module class: X.Org XInput Driver
[    44.040] 	ABI class: X.Org XInput driver, version 24.1
[    44.040] (II) Using input driver 'libinput' for 'Power Button'
[    44.041] (II) systemd-logind: got fd for /dev/input/event1 13:65 fd 23 paused 0
[    44.041] (**) Power Button: always reports core events
[    44.041] (**) Option "Device" "/dev/input/event1"
[    44.041] (**) Option "_source" "server/udev"
[    44.043] (II) event1  - Power Button: is tagged by udev as: Keyboard
[    44.043] (II) event1  - Power Button: device is a keyboard
[    44.043] (II) event1  - Power Button: device removed
[    44.043] (**) Option "config_info" "udev:/sys/devices/LNXSYSTM:00/LNXPWRBN:00/input/input2/event1"
[    44.044] (II) XINPUT: Adding extended input device "Power Button" (type: KEYBOARD, id 6)
[    44.044] (**) Option "xkb_model" "pc105"
[    44.044] (**) Option "xkb_layout" "us"
[    44.044] (II) event1  - Power Button: is tagged by udev as: Keyboard
[    44.045] (II) event1  - Power Button: device is a keyboard
[    44.045] (II) config/udev: Adding input device VMware VMware Virtual USB Mouse (/dev/input/event4)
[    44.045] (**) VMware VMware Virtual USB Mouse: Applying InputClass "libinput pointer catchall"
[    44.046] (II) Using input driver 'libinput' for 'VMware VMware Virtual USB Mouse'
[    44.046] (II) systemd-logind: got fd for /dev/input/event4 13:68 fd 26 paused 0
[    44.046] (**) VMware VMware Virtual USB Mouse: always reports core events
[    44.046] (**) Option "Device" "/dev/input/event4"
[    44.046] (**) Option "_source" "server/udev"
[    44.047] (II) event4  - VMware VMware Virtual USB Mouse: is tagged by udev as: Mouse
[    44.048] (II) event4  - VMware VMware Virtual USB Mouse: device is a pointer
[    44.048] (II) event4  - VMware VMware Virtual USB Mouse: device removed
[    44.048] (**) Option "config_info" "udev:/sys/devices/pci0000:00/0000:00:15.0/0000:03:00.0/usb3/3-1/3-1:1.0/0003:0E0F:0003.0001/input/input5/event4"
[    44.048] (II) XINPUT: Adding extended input device "VMware VMware Virtual USB Mouse" (type: MOUSE, id 7)
[    44.048] (**) Option "AccelerationScheme" "none"
[    44.048] (**) VMware VMware Virtual USB Mouse: (accel) selected scheme none/0
[    44.048] (**) VMware VMware Virtual USB Mouse: (accel) acceleration factor: 2.000
[    44.048] (**) VMware VMware Virtual USB Mouse: (accel) acceleration threshold: 4
[    44.049] (II) event4  - VMware VMware Virtual USB Mouse: is tagged by udev as: Mouse
[    44.049] (II) event4  - VMware VMware Virtual USB Mouse: device is a pointer
[    44.050] (II) config/udev: Adding input device VMware VMware Virtual USB Mouse (/dev/input/mouse2)
[    44.050] (II) No input driver specified, ignoring this device.
[    44.050] (II) This device may have been added with another device file.
[    44.050] (II) config/udev: Adding input device AT Translated Set 2 keyboard (/dev/input/event0)
[    44.051] (**) AT Translated Set 2 keyboard: Applying InputClass "libinput keyboard catchall"
[    44.051] (II) Using input driver 'libinput' for 'AT Translated Set 2 keyboard'
[    44.051] (II) systemd-logind: got fd for /dev/input/event0 13:64 fd 27 paused 0
[    44.051] (**) AT Translated Set 2 keyboard: always reports core events
[    44.051] (**) Option "Device" "/dev/input/event0"
[    44.051] (**) Option "_source" "server/udev"
[    44.052] (II) event0  - AT Translated Set 2 keyboard: is tagged by udev as: Keyboard
[    44.052] (II) event0  - AT Translated Set 2 keyboard: device is a keyboard
[    44.052] (II) event0  - AT Translated Set 2 keyboard: device removed
[    44.053] (**) Option "config_info" "udev:/sys/devices/platform/i8042/serio0/input/input0/event0"
[    44.053] (II) XINPUT: Adding extended input device "AT Translated Set 2 keyboard" (type: KEYBOARD, id 8)
[    44.053] (**) Option "xkb_model" "pc105"
[    44.053] (**) Option "xkb_layout" "us"
[    44.053] (II) event0  - AT Translated Set 2 keyboard: is tagged by udev as: Keyboard
[    44.054] (II) event0  - AT Translated Set 2 keyboard: device is a keyboard
[    44.054] (II) config/udev: Adding input device VirtualPS/2 VMware VMMouse (/dev/input/event3)
[    44.054] (**) VirtualPS/2 VMware VMMouse: Applying InputClass "libinput pointer catchall"
[    44.054] (II) Using input driver 'libinput' for 'VirtualPS/2 VMware VMMouse'
[    44.055] (II) systemd-logind: got fd for /dev/input/event3 13:67 fd 28 paused 0
[    44.055] (**) VirtualPS/2 VMware VMMouse: always reports core events
[    44.055] (**) Option "Device" "/dev/input/event3"
[    44.055] (**) Option "_source" "server/udev"
[    44.055] (II) event3  - VirtualPS/2 VMware VMMouse: is tagged by udev as: Mouse
[    44.056] (II) event3  - VirtualPS/2 VMware VMMouse: device is a pointer
[    44.056] (II) event3  - VirtualPS/2 VMware VMMouse: device removed
[    44.056] (**) Option "config_info" "udev:/sys/devices/platform/i8042/serio1/input/input3/event3"
[    44.056] (II) XINPUT: Adding extended input device "VirtualPS/2 VMware VMMouse" (type: MOUSE, id 9)
[    44.056] (**) Option "AccelerationScheme" "none"
[    44.056] (**) VirtualPS/2 VMware VMMouse: (accel) selected scheme none/0
[    44.056] (**) VirtualPS/2 VMware VMMouse: (accel) acceleration factor: 2.000
[    44.056] (**) VirtualPS/2 VMware VMMouse: (accel) acceleration threshold: 4
[    44.057] (II) event3  - VirtualPS/2 VMware VMMouse: is tagged by udev as: Mouse
[    44.057] (II) event3  - VirtualPS/2 VMware VMMouse: device is a pointer
[    44.057] (II) config/udev: Adding input device VirtualPS/2 VMware VMMouse (/dev/input/mouse1)
[    44.058] (II) No input driver specified, ignoring this device.
[    44.058] (II) This device may have been added with another device file.
[    44.058] (II) config/udev: Adding input device VirtualPS/2 VMware VMMouse (/dev/input/event2)
[    44.058] (**) VirtualPS/2 VMware VMMouse: Applying InputClass "libinput pointer catchall"
[    44.058] (II) Using input driver 'libinput' for 'VirtualPS/2 VMware VMMouse'
[    44.058] (II) systemd-logind: got fd for /dev/input/event2 13:66 fd 29 paused 0
[    44.059] (**) VirtualPS/2 VMware VMMouse: always reports core events
[    44.059] (**) Option "Device" "/dev/input/event2"
[    44.059] (**) Option "_source" "server/udev"
[    44.059] (II) event2  - VirtualPS/2 VMware VMMouse: is tagged by udev as: Mouse
[    44.059] (II) event2  - VirtualPS/2 VMware VMMouse: device is a pointer
[    44.060] (II) event2  - VirtualPS/2 VMware VMMouse: device removed
[    44.060] (**) Option "config_info" "udev:/sys/devices/platform/i8042/serio1/input/input4/event2"
[    44.060] (II) XINPUT: Adding extended input device "VirtualPS/2 VMware VMMouse" (type: MOUSE, id 10)
[    44.061] (**) Option "AccelerationScheme" "none"
[    44.061] (**) VirtualPS/2 VMware VMMouse: (accel) selected scheme none/0
[    44.061] (**) VirtualPS/2 VMware VMMouse: (accel) acceleration factor: 2.000
[    44.061] (**) VirtualPS/2 VMware VMMouse: (accel) acceleration threshold: 4
[    44.061] (II) event2  - VirtualPS/2 VMware VMMouse: is tagged by udev as: Mouse
[    44.061] (II) event2  - VirtualPS/2 VMware VMMouse: device is a pointer
[    44.062] (II) config/udev: Adding input device VirtualPS/2 VMware VMMouse (/dev/input/mouse0)
[    44.062] (II) No input driver specified, ignoring this device.
[    44.062] (II) This device may have been added with another device file.
[    44.062] (II) config/udev: Adding input device PC Speaker (/dev/input/event5)
[    44.062] (II) No input driver specified, ignoring this device.
[    44.062] (II) This device may have been added with another device file.
[    61.315] (!!) vmware(0): New layout.
[    61.315] (!!) vmware(0): 0: 0 0 1920 984
[    61.315] (!!) vmware(0): 
[    61.323] (EE) No surface to present from.
